1542001398079	mozrunner::runner	INFO	Running command: "/usr/bin/firefox" "-marionette" "-foreground" "-no-remote" "-profile" "/tmp/rust_mozprofile.sL9uvI4ohRyM"

(firefox:7688): Gtk-WARNING **: Theme parsing error: <data>:1:34: Expected ')' in color definition

(firefox:7688): Gtk-WARNING **: Theme parsing error: <data>:1:77: Expected ')' in color definition
1542001399522	Marionette	INFO	Listening on port 45533
1542001399584	Marionette	WARN	TLS certificate errors will be ignored for this session
[Parent 7688, Gecko_IOThread] WARNING: pipe error (81): Connection reset by peer: file /build/firefox-j7tNrI/firefox-63.0+build2/ipc/chromium/src/chrome/common/ipc_channel_posix.cc, line 356
[Parent 7688, Gecko_IOThread] WARNING: pipe error (78): Connection reset by peer: file /build/firefox-j7tNrI/firefox-63.0+build2/ipc/chromium/src/chrome/common/ipc_channel_posix.cc, line 356
1542001406282	Marionette	INFO	Stopped listening on port 45533
1542001762943	mozrunner::runner	INFO	Running command: "/usr/bin/firefox" "-marionette" "-foreground" "-no-remote" "-profile" "/tmp/rust_mozprofile.jxJhzDyvXeLb"

(firefox:8114): Gtk-WARNING **: Theme parsing error: <data>:1:34: Expected ')' in color definition

(firefox:8114): Gtk-WARNING **: Theme parsing error: <data>:1:77: Expected ')' in color definition
1542001764332	Marionette	INFO	Listening on port 42033
1542001764354	Marionette	WARN	TLS certificate errors will be ignored for this session
[Parent 8114, Gecko_IOThread] WARNING: pipe error (78): Connection reset by peer: file /build/firefox-j7tNrI/firefox-63.0+build2/ipc/chromium/src/chrome/common/ipc_channel_posix.cc, line 356
1542001770852	Marionette	INFO	Stopped listening on port 42033
1542002316989	mozrunner::runner	INFO	Running command: "/usr/bin/firefox" "-marionette" "-foreground" "-no-remote" "-profile" "/tmp/rust_mozprofile.HaYqx98Rb8dB"

(firefox:8469): Gtk-WARNING **: Theme parsing error: <data>:1:34: Expected ')' in color definition

(firefox:8469): Gtk-WARNING **: Theme parsing error: <data>:1:77: Expected ')' in color definition
1542002318350	Marionette	INFO	Listening on port 43523
1542002318409	Marionette	WARN	TLS certificate errors will be ignored for this session
[Parent 8469, Gecko_IOThread] WARNING: pipe error (99): Connection reset by peer: file /build/firefox-j7tNrI/firefox-63.0+build2/ipc/chromium/src/chrome/common/ipc_channel_posix.cc, line 356
[Parent 8469, Gecko_IOThread] WARNING: pipe error (70): Connection reset by peer: file /build/firefox-j7tNrI/firefox-63.0+build2/ipc/chromium/src/chrome/common/ipc_channel_posix.cc, line 356
1542002327433	Marionette	INFO	Stopped listening on port 43523
1542002349812	mozrunner::runner	INFO	Running command: "/usr/bin/firefox" "-marionette" "-foreground" "-no-remote" "-profile" "/tmp/rust_mozprofile.GMdDtd7mleus"

(firefox:8730): Gtk-WARNING **: Theme parsing error: <data>:1:34: Expected ')' in color definition

(firefox:8730): Gtk-WARNING **: Theme parsing error: <data>:1:77: Expected ')' in color definition
1542002351205	Marionette	INFO	Listening on port 46161
1542002351222	Marionette	WARN	TLS certificate errors will be ignored for this session
1542002351387	Marionette	INFO	Stopped listening on port 46161
JavaScript error: resource://activity-stream/lib/TopSitesFeed.jsm, line 86: TypeError: setting getter-only property "_currentSearchHostname"
[Parent 8730, Gecko_IOThread] WARNING: pipe error (70): Connection reset by peer: file /build/firefox-j7tNrI/firefox-63.0+build2/ipc/chromium/src/chrome/common/ipc_channel_posix.cc, line 356
JavaScript error: resource://gre/modules/Sqlite.jsm, line 841: Error: Connection is not open.
1542002792301	mozrunner::runner	INFO	Running command: "/usr/bin/firefox" "-marionette" "-foreground" "-no-remote" "-profile" "/tmp/rust_mozprofile.lCbjAjkh8T5G"

(firefox:9099): Gtk-WARNING **: Theme parsing error: <data>:1:34: Expected ')' in color definition

(firefox:9099): Gtk-WARNING **: Theme parsing error: <data>:1:77: Expected ')' in color definition
1542002793682	Marionette	INFO	Listening on port 43535
1542002793710	Marionette	WARN	TLS certificate errors will be ignored for this session
1542002793880	Marionette	INFO	Stopped listening on port 43535
JavaScript error: resource://activity-stream/lib/TopSitesFeed.jsm, line 86: TypeError: setting getter-only property "_currentSearchHostname"
[Parent 9099, Gecko_IOThread] WARNING: pipe error (70): Connection reset by peer: file /build/firefox-j7tNrI/firefox-63.0+build2/ipc/chromium/src/chrome/common/ipc_channel_posix.cc, line 356
JavaScript error: resource://gre/modules/Sqlite.jsm, line 841: Error: Connection is not open.
1542003159675	mozrunner::runner	INFO	Running command: "/usr/bin/firefox" "-marionette" "-foreground" "-no-remote" "-profile" "/tmp/rust_mozprofile.TqX1BuLPBqXz"

(firefox:9360): Gtk-WARNING **: Theme parsing error: <data>:1:34: Expected ')' in color definition

(firefox:9360): Gtk-WARNING **: Theme parsing error: <data>:1:77: Expected ')' in color definition
1542003161112	Marionette	INFO	Listening on port 37853
1542003161181	Marionette	WARN	TLS certificate errors will be ignored for this session
1542003161368	Marionette	INFO	Stopped listening on port 37853
JavaScript error: resource://activity-stream/lib/TopSitesFeed.jsm, line 86: TypeError: setting getter-only property "_currentSearchHostname"
[Parent 9360, Gecko_IOThread] WARNING: pipe error (70): Connection reset by peer: file /build/firefox-j7tNrI/firefox-63.0+build2/ipc/chromium/src/chrome/common/ipc_channel_posix.cc, line 356
JavaScript error: resource://gre/modules/Sqlite.jsm, line 841: Error: Connection is not open.
1542003161762	mozrunner::runner	INFO	Running command: "/usr/bin/firefox" "-marionette" "-foreground" "-no-remote" "-profile" "/tmp/rust_mozprofile.Vpx0rUMzjUma"

(firefox:9586): Gtk-WARNING **: Theme parsing error: <data>:1:34: Expected ')' in color definition

(firefox:9586): Gtk-WARNING **: Theme parsing error: <data>:1:77: Expected ')' in color definition
1542003163193	Marionette	INFO	Listening on port 45917
1542003163268	Marionette	WARN	TLS certificate errors will be ignored for this session
1542003163446	Marionette	INFO	Stopped listening on port 45917
JavaScript error: resource://activity-stream/lib/TopSitesFeed.jsm, line 86: TypeError: setting getter-only property "_currentSearchHostname"
[Parent 9586, Gecko_IOThread] WARNING: pipe error (70): Connection reset by peer: file /build/firefox-j7tNrI/firefox-63.0+build2/ipc/chromium/src/chrome/common/ipc_channel_posix.cc, line 356
JavaScript error: resource://gre/modules/Sqlite.jsm, line 841: Error: Connection is not open.
1542003163963	mozrunner::runner	INFO	Running command: "/usr/bin/firefox" "-marionette" "-foreground" "-no-remote" "-profile" "/tmp/rust_mozprofile.PzakPjN96EmE"

(firefox:9801): Gtk-WARNING **: Theme parsing error: <data>:1:34: Expected ')' in color definition

(firefox:9801): Gtk-WARNING **: Theme parsing error: <data>:1:77: Expected ')' in color definition
1542003165371	Marionette	INFO	Listening on port 34793
1542003165472	Marionette	WARN	TLS certificate errors will be ignored for this session
1542003165877	Marionette	INFO	Stopped listening on port 34793
[Parent 9801, Gecko_IOThread] WARNING: pipe error (70): Connection reset by peer: file /build/firefox-j7tNrI/firefox-63.0+build2/ipc/chromium/src/chrome/common/ipc_channel_posix.cc, line 356
[Parent 9801, Gecko_IOThread] WARNING: pipe error (101): Connection reset by peer: file /build/firefox-j7tNrI/firefox-63.0+build2/ipc/chromium/src/chrome/common/ipc_channel_posix.cc, line 356
1542912625499	mozrunner::runner	INFO	Running command: "/usr/bin/firefox" "-marionette" "-foreground" "-no-remote" "-profile" "/tmp/rust_mozprofile.sWlMzsKnThjo"

(firefox:4888): Gtk-WARNING **: Theme parsing error: <data>:1:34: Expected ')' in color definition

(firefox:4888): Gtk-WARNING **: Theme parsing error: <data>:1:77: Expected ')' in color definition
1542912626930	Marionette	INFO	Listening on port 43153
1542912626955	Marionette	WARN	TLS certificate errors will be ignored for this session
1542912627101	Marionette	INFO	Stopped listening on port 43153
JavaScript error: resource://activity-stream/lib/TopSitesFeed.jsm, line 86: TypeError: setting getter-only property "_currentSearchHostname"
JavaScript error: resource://gre/modules/Sqlite.jsm, line 841: Error: Connection is not open.
JavaScript error: resource://gre/modules/osfile/osfile_async_front.jsm, line 407: Error: OS.File has been shut down. Rejecting post to DirectoryIterator_prototype_close
JavaScript error: resource://gre/modules/osfile/osfile_async_front.jsm, line 407: Error: OS.File has been shut down. Rejecting post to DirectoryIterator_prototype_close
JavaScript error: resource://gre/modules/ProfileAge.jsm, line 197: Error: Unable to fetch oldest profile entry: Error: OS.File has been shut down. Rejecting post to DirectoryIterator_prototype_next
JavaScript error: resource://gre/modules/ProfileAge.jsm, line 197: Error: Unable to fetch oldest profile entry: Error: OS.File has been shut down. Rejecting post to DirectoryIterator_prototype_next
1542912628604	mozrunner::runner	INFO	Running command: "/usr/bin/firefox" "-marionette" "-foreground" "-no-remote" "-profile" "/tmp/rust_mozprofile.P6KNnbWsmp3M"

(firefox:5109): Gtk-WARNING **: Theme parsing error: <data>:1:34: Expected ')' in color definition

(firefox:5109): Gtk-WARNING **: Theme parsing error: <data>:1:77: Expected ')' in color definition
1542912629957	Marionette	INFO	Listening on port 42021
1542912630010	Marionette	WARN	TLS certificate errors will be ignored for this session
1542912630183	Marionette	INFO	Stopped listening on port 42021
JavaScript error: resource://activity-stream/lib/TopSitesFeed.jsm, line 86: TypeError: setting getter-only property "_currentSearchHostname"
[Parent 5109, Gecko_IOThread] WARNING: pipe error (70): Connection reset by peer: file /build/firefox-j7tNrI/firefox-63.0+build2/ipc/chromium/src/chrome/common/ipc_channel_posix.cc, line 356
JavaScript error: resource://gre/modules/Sqlite.jsm, line 841: Error: Connection is not open.
1542912630566	mozrunner::runner	INFO	Running command: "/usr/bin/firefox" "-marionette" "-foreground" "-no-remote" "-profile" "/tmp/rust_mozprofile.OvJEuxa6L3Mm"

(firefox:5334): Gtk-WARNING **: Theme parsing error: <data>:1:34: Expected ')' in color definition

(firefox:5334): Gtk-WARNING **: Theme parsing error: <data>:1:77: Expected ')' in color definition
1542912631919	Marionette	INFO	Listening on port 37235
1542912631978	Marionette	WARN	TLS certificate errors will be ignored for this session
1542912632101	Marionette	INFO	Stopped listening on port 37235
JavaScript error: resource://activity-stream/lib/TopSitesFeed.jsm, line 86: TypeError: setting getter-only property "_currentSearchHostname"
[Parent 5334, Gecko_IOThread] WARNING: pipe error (70): Connection reset by peer: file /build/firefox-j7tNrI/firefox-63.0+build2/ipc/chromium/src/chrome/common/ipc_channel_posix.cc, line 356
JavaScript error: resource://gre/modules/Sqlite.jsm, line 841: Error: Connection is not open.
1542912696655	mozrunner::runner	INFO	Running command: "/usr/bin/firefox" "-marionette" "-foreground" "-no-remote" "-profile" "/tmp/rust_mozprofile.FVUyZkaSDLcb"

(firefox:5588): Gtk-WARNING **: Theme parsing error: <data>:1:34: Expected ')' in color definition

(firefox:5588): Gtk-WARNING **: Theme parsing error: <data>:1:77: Expected ')' in color definition
1542912698061	Marionette	INFO	Listening on port 44671
1542912698160	Marionette	WARN	TLS certificate errors will be ignored for this session
1542912698317	Marionette	INFO	Stopped listening on port 44671
JavaScript error: resource://activity-stream/lib/TopSitesFeed.jsm, line 86: TypeError: setting getter-only property "_currentSearchHostname"
[Parent 5588, Gecko_IOThread] WARNING: pipe error (70): Connection reset by peer: file /build/firefox-j7tNrI/firefox-63.0+build2/ipc/chromium/src/chrome/common/ipc_channel_posix.cc, line 356
JavaScript error: resource://gre/modules/Sqlite.jsm, line 841: Error: Connection is not open.
1542912699814	mozrunner::runner	INFO	Running command: "/usr/bin/firefox" "-marionette" "-foreground" "-no-remote" "-profile" "/tmp/rust_mozprofile.siyWug8j7cNF"

(firefox:5822): Gtk-WARNING **: Theme parsing error: <data>:1:34: Expected ')' in color definition

(firefox:5822): Gtk-WARNING **: Theme parsing error: <data>:1:77: Expected ')' in color definition
1542912701148	Marionette	INFO	Listening on port 33671
1542912701241	Marionette	WARN	TLS certificate errors will be ignored for this session
1542912701368	Marionette	INFO	Stopped listening on port 33671
JavaScript error: resource://activity-stream/lib/TopSitesFeed.jsm, line 86: TypeError: setting getter-only property "_currentSearchHostname"
[Parent 5822, Gecko_IOThread] WARNING: pipe error (70): Connection reset by peer: file /build/firefox-j7tNrI/firefox-63.0+build2/ipc/chromium/src/chrome/common/ipc_channel_posix.cc, line 356
JavaScript error: resource://gre/modules/Sqlite.jsm, line 841: Error: Connection is not open.
1542912701747	mozrunner::runner	INFO	Running command: "/usr/bin/firefox" "-marionette" "-foreground" "-no-remote" "-profile" "/tmp/rust_mozprofile.00gcfr4It5m3"

(firefox:6038): Gtk-WARNING **: Theme parsing error: <data>:1:34: Expected ')' in color definition

(firefox:6038): Gtk-WARNING **: Theme parsing error: <data>:1:77: Expected ')' in color definition
1542912703079	Marionette	INFO	Listening on port 41995
1542912703159	Marionette	WARN	TLS certificate errors will be ignored for this session
1542912703277	Marionette	INFO	Stopped listening on port 41995
JavaScript error: resource://activity-stream/lib/TopSitesFeed.jsm, line 86: TypeError: setting getter-only property "_currentSearchHostname"
[Parent 6038, Gecko_IOThread] WARNING: pipe error (70): Connection reset by peer: file /build/firefox-j7tNrI/firefox-63.0+build2/ipc/chromium/src/chrome/common/ipc_channel_posix.cc, line 356
JavaScript error: resource://gre/modules/Sqlite.jsm, line 841: Error: Connection is not open.
1542912739251	mozrunner::runner	INFO	Running command: "/usr/bin/firefox" "-marionette" "-foreground" "-no-remote" "-profile" "/tmp/rust_mozprofile.crJhQand37rD"

(firefox:6285): Gtk-WARNING **: Theme parsing error: <data>:1:34: Expected ')' in color definition

(firefox:6285): Gtk-WARNING **: Theme parsing error: <data>:1:77: Expected ')' in color definition
1542912740639	Marionette	INFO	Listening on port 42357
1542912740660	Marionette	WARN	TLS certificate errors will be ignored for this session
1542912740836	Marionette	INFO	Stopped listening on port 42357
JavaScript error: resource://activity-stream/lib/TopSitesFeed.jsm, line 86: TypeError: setting getter-only property "_currentSearchHostname"
[Parent 6285, Gecko_IOThread] WARNING: pipe error (70): Connection reset by peer: file /build/firefox-j7tNrI/firefox-63.0+build2/ipc/chromium/src/chrome/common/ipc_channel_posix.cc, line 356
JavaScript error: resource://gre/modules/Sqlite.jsm, line 841: Error: Connection is not open.
1542912741207	mozrunner::runner	INFO	Running command: "/usr/bin/firefox" "-marionette" "-foreground" "-no-remote" "-profile" "/tmp/rust_mozprofile.l2AdeoNCnAb7"

(firefox:6505): Gtk-WARNING **: Theme parsing error: <data>:1:34: Expected ')' in color definition

(firefox:6505): Gtk-WARNING **: Theme parsing error: <data>:1:77: Expected ')' in color definition
1542912742555	Marionette	INFO	Listening on port 38659
1542912742611	Marionette	WARN	TLS certificate errors will be ignored for this session
1542912742776	Marionette	INFO	Stopped listening on port 38659
JavaScript error: resource://activity-stream/lib/ActivityStreamPrefs.jsm, line 29: NS_ERROR_ILLEGAL_VALUE: Component returned failure code: 0x80070057 (NS_ERROR_ILLEGAL_VALUE) [nsIPrefBranch.removeObserver]
JavaScript error: resource://gre/modules/Sqlite.jsm, line 841: Error: Connection is not open.
1542912743285	mozrunner::runner	INFO	Running command: "/usr/bin/firefox" "-marionette" "-foreground" "-no-remote" "-profile" "/tmp/rust_mozprofile.aIg0kL83TZZB"

(firefox:6725): Gtk-WARNING **: Theme parsing error: <data>:1:34: Expected ')' in color definition

(firefox:6725): Gtk-WARNING **: Theme parsing error: <data>:1:77: Expected ')' in color definition
1542912744714	Marionette	INFO	Listening on port 38561
1542912744794	Marionette	WARN	TLS certificate errors will be ignored for this session
1542912744923	Marionette	INFO	Stopped listening on port 38561
JavaScript error: resource://activity-stream/lib/TopSitesFeed.jsm, line 86: TypeError: setting getter-only property "_currentSearchHostname"
[Parent 6725, Gecko_IOThread] WARNING: pipe error (70): Connection reset by peer: file /build/firefox-j7tNrI/firefox-63.0+build2/ipc/chromium/src/chrome/common/ipc_channel_posix.cc, line 356
JavaScript error: resource://gre/modules/Sqlite.jsm, line 841: Error: Connection is not open.
1542912799790	mozrunner::runner	INFO	Running command: "/usr/bin/firefox" "-marionette" "-foreground" "-no-remote" "-profile" "/tmp/rust_mozprofile.gWmkBk2jzQ66"

(firefox:6982): Gtk-WARNING **: Theme parsing error: <data>:1:34: Expected ')' in color definition

(firefox:6982): Gtk-WARNING **: Theme parsing error: <data>:1:77: Expected ')' in color definition
1542912801155	Marionette	INFO	Listening on port 35647
1542912801198	Marionette	WARN	TLS certificate errors will be ignored for this session
1542912801355	Marionette	INFO	Stopped listening on port 35647
JavaScript error: resource://activity-stream/lib/TopSitesFeed.jsm, line 86: TypeError: setting getter-only property "_currentSearchHostname"
[Parent 6982, Gecko_IOThread] WARNING: pipe error (70): Connection reset by peer: file /build/firefox-j7tNrI/firefox-63.0+build2/ipc/chromium/src/chrome/common/ipc_channel_posix.cc, line 356
JavaScript error: resource://gre/modules/Sqlite.jsm, line 841: Error: Connection is not open.
1542912802752	mozrunner::runner	INFO	Running command: "/usr/bin/firefox" "-marionette" "-foreground" "-no-remote" "-profile" "/tmp/rust_mozprofile.npuAMHeXtvuw"

(firefox:7198): Gtk-WARNING **: Theme parsing error: <data>:1:34: Expected ')' in color definition

(firefox:7198): Gtk-WARNING **: Theme parsing error: <data>:1:77: Expected ')' in color definition
1542912804129	Marionette	INFO	Listening on port 44221
1542912804167	Marionette	WARN	TLS certificate errors will be ignored for this session
1542912804366	Marionette	INFO	Stopped listening on port 44221
JavaScript error: resource://activity-stream/lib/TopSitesFeed.jsm, line 86: TypeError: setting getter-only property "_currentSearchHostname"
[Parent 7198, Gecko_IOThread] WARNING: pipe error (70): Connection reset by peer: file /build/firefox-j7tNrI/firefox-63.0+build2/ipc/chromium/src/chrome/common/ipc_channel_posix.cc, line 356
JavaScript error: resource://gre/modules/Sqlite.jsm, line 841: Error: Connection is not open.
1542912805759	mozrunner::runner	INFO	Running command: "/usr/bin/firefox" "-marionette" "-foreground" "-no-remote" "-profile" "/tmp/rust_mozprofile.JspEOrQ7gza2"

(firefox:7430): Gtk-WARNING **: Theme parsing error: <data>:1:34: Expected ')' in color definition

(firefox:7430): Gtk-WARNING **: Theme parsing error: <data>:1:77: Expected ')' in color definition
1542912807207	Marionette	INFO	Listening on port 46817
1542912807265	Marionette	WARN	TLS certificate errors will be ignored for this session
1542912807404	Marionette	INFO	Stopped listening on port 46817
JavaScript error: resource://activity-stream/lib/TopSitesFeed.jsm, line 86: TypeError: setting getter-only property "_currentSearchHostname"
[Parent 7430, Gecko_IOThread] WARNING: pipe error (70): Connection reset by peer: file /build/firefox-j7tNrI/firefox-63.0+build2/ipc/chromium/src/chrome/common/ipc_channel_posix.cc, line 356
JavaScript error: resource://gre/modules/Sqlite.jsm, line 841: Error: Connection is not open.
